2025-04-27 17:10:56,665 - INFO - Loading faiss with AVX2 support.
2025-04-27 17:10:56,666 - INFO - Could not load library with AVX2 support due to:
ModuleNotFoundError("No module named 'faiss.swigfaiss_avx2'")
2025-04-27 17:10:56,667 - INFO - Loading faiss.
2025-04-27 17:10:56,808 - INFO - Successfully loaded faiss.
2025-04-27 17:11:31,729 - WARNING - From C:\Users\PC\AppData\Local\Programs\Python\Python39\lib\site-packages\tf_keras\src\losses.py:2976: The name tf.losses.sparse_softmax_cross_entropy is deprecated. Please use tf.compat.v1.losses.sparse_softmax_cross_entropy instead.

2025-04-27 17:12:16,418 - INFO - Found 10 URLs in Data\Links.txt
2025-04-27 17:12:16,421 - INFO - Scraping https://uol.edu.pk/contact-us/
2025-04-27 17:12:17,924 - INFO - Scraping https://uol.edu.pk/services/
2025-04-27 17:12:17,925 - INFO - Scraping https://uol.edu.pk/admissions/
2025-04-27 17:12:17,925 - INFO - Scraping https://uol.edu.pk/international-rankings/
2025-04-27 17:12:17,925 - INFO - Scraping https://uol.edu.pk/discover-uol/
2025-04-27 17:12:17,926 - INFO - Scraping https://uol.edu.pk/services/student-services/
2025-04-27 17:12:19,696 - INFO - Scraping https://uol.edu.pk/
2025-04-27 17:12:21,215 - INFO - Scraping https://uol.edu.pk/programs-courses-az/bachelor/
2025-04-27 17:12:21,231 - INFO - Scraping https://uol.edu.pk/services/club-societies/
2025-04-27 17:12:22,714 - INFO - Successfully scraped 9 out of 9 URLs
2025-04-27 17:12:22,760 - INFO - Use pytorch device_name: cpu
2025-04-27 17:12:22,773 - INFO - Load pretrained SentenceTransformer: all-MiniLM-L6-v2
2025-05-03 18:53:51,531 - INFO - Loading faiss with AVX2 support.
2025-05-03 18:53:51,533 - INFO - Could not load library with AVX2 support due to:
ModuleNotFoundError("No module named 'faiss.swigfaiss_avx2'")
2025-05-03 18:53:51,534 - INFO - Loading faiss.
2025-05-03 18:53:51,675 - INFO - Successfully loaded faiss.
2025-05-03 18:54:54,508 - WARNING - From C:\Users\PC\AppData\Local\Programs\Python\Python39\lib\site-packages\tf_keras\src\losses.py:2976: The name tf.losses.sparse_softmax_cross_entropy is deprecated. Please use tf.compat.v1.losses.sparse_softmax_cross_entropy instead.

2025-05-03 18:55:19,799 - INFO - Loading faiss with AVX2 support.
2025-05-03 18:55:19,800 - INFO - Could not load library with AVX2 support due to:
ModuleNotFoundError("No module named 'faiss.swigfaiss_avx2'")
2025-05-03 18:55:19,800 - INFO - Loading faiss.
2025-05-03 18:55:19,909 - INFO - Successfully loaded faiss.
2025-05-03 18:57:17,945 - WARNING - From C:\Users\PC\AppData\Local\Programs\Python\Python39\lib\site-packages\tf_keras\src\losses.py:2976: The name tf.losses.sparse_softmax_cross_entropy is deprecated. Please use tf.compat.v1.losses.sparse_softmax_cross_entropy instead.

2025-05-03 18:57:41,133 - INFO - Loading faiss with AVX2 support.
2025-05-03 18:57:41,143 - INFO - Could not load library with AVX2 support due to:
ModuleNotFoundError("No module named 'faiss.swigfaiss_avx2'")
2025-05-03 18:57:41,153 - INFO - Loading faiss.
2025-05-03 18:57:41,485 - INFO - Successfully loaded faiss.
2025-05-03 18:57:46,668 - INFO - Found 35 URLs in Data\Links.txt
2025-05-03 18:57:47,123 - INFO - Scraping https://virtual.uol.edu.pk/how-login-sap-fiori-portal
2025-05-03 18:57:47,190 - INFO - Scraping https://uol.edu.pk/admissions/scholarships/merit-scholarship/
2025-05-03 18:57:48,734 - INFO - Scraping https://uol.edu.pk/services/library/
2025-05-03 18:57:48,734 - INFO - Scraping https://uol.edu.pk/services/hostels-accommodations/policies-procedures/
2025-05-03 18:57:48,735 - INFO - Scraping https://virtual.uol.edu.pk/index.php/how-does-slate-works
2025-05-03 18:57:48,817 - INFO - Scraping https://virtual.uol.edu.pk/index.php/being-student-what-can-i-see-or-do-slate
2025-05-03 18:57:50,257 - INFO - Scraping https://uol.edu.pk/services/student-services/
2025-05-03 18:57:50,257 - INFO - Scraping https://uol.edu.pk/programs-courses-az/bachelor/
2025-05-03 18:57:50,257 - INFO - Scraping https://uol.edu.pk/services/hostels-accommodations/
2025-05-03 18:57:52,054 - INFO - Scraping https://uol.edu.pk/services/controller-of-examination/
2025-05-03 18:57:53,615 - INFO - Scraping https://uol.edu.pk/news/
2025-05-03 18:57:53,615 - INFO - Scraping https://uol.edu.pk/
2025-05-03 18:57:55,140 - INFO - Scraping https://uol.edu.pk/services/club-societies/
2025-05-03 18:57:55,141 - INFO - Scraping https://uol.edu.pk/admissions/scholarships/need-based-scholarship/
2025-05-03 18:57:55,141 - INFO - Scraping https://uol.edu.pk/services/hostels-accommodations/facilties/
2025-05-03 18:57:56,844 - INFO - Scraping https://uol.edu.pk/services/
2025-05-03 18:57:58,388 - INFO - Scraping https://sdgs.uol.edu.pk/
2025-05-03 18:57:58,507 - INFO - Scraping https://uol.edu.pk/admissions/
2025-05-03 18:58:00,013 - INFO - Scraping https://uol.edu.pk/admissions/scholarships/
2025-05-03 18:58:00,014 - INFO - Scraping https://uol.edu.pk/services/registrar/
2025-05-03 18:58:00,014 - INFO - Scraping https://uol.edu.pk/services/cscl/
2025-05-03 18:58:01,570 - INFO - Scraping https://virtual.uol.edu.pk/i-have-forgotten-password-my-official-uol-email-account
2025-05-03 18:58:01,570 - INFO - Scraping https://uol.edu.pk/admissions/admitted-students/
2025-05-03 18:58:03,251 - INFO - Scraping https://virtual.uol.edu.pk/sap-hub-portal-link
2025-05-03 18:58:03,373 - INFO - Scraping https://uol.edu.pk/services/library/library-system/
2025-05-03 18:58:05,208 - INFO - Scraping https://uol.edu.pk/discover-uol/
2025-05-03 18:58:05,487 - INFO - Scraping https://uol.edu.pk/contact-us/
2025-05-03 18:58:05,487 - INFO - Scraping https://uol.edu.pk/services/transport-services/
2025-05-03 18:58:05,487 - INFO - Scraping https://uol.edu.pk/admissions/scholarships/kinship-scholarship/
2025-05-03 18:58:06,322 - INFO - Scraping https://virtual.uol.edu.pk/i-didnt-receive-verification-email-link-my-email-id-slateuoledupk
2025-05-03 18:58:07,211 - INFO - Scraping https://uol.edu.pk/services/library/rules-regulations/
2025-05-03 18:58:20,736 - INFO - Scraping https://uol.edu.pk/services/academic-council/
2025-05-03 18:58:22,295 - INFO - Scraping https://uol.edu.pk/international-rankings/
2025-05-03 18:58:24,217 - INFO - Successfully scraped 33 out of 33 URLs
2025-05-03 18:58:24,555 - INFO - Use pytorch device_name: cpu
2025-05-03 18:58:24,556 - INFO - Load pretrained SentenceTransformer: BAAI/bge-base-en-v1.5
2025-05-03 19:01:30,623 - INFO - Loading faiss with AVX2 support.
2025-05-03 19:01:30,623 - INFO - Could not load library with AVX2 support due to:
ModuleNotFoundError("No module named 'faiss.swigfaiss_avx2'")
2025-05-03 19:01:30,624 - INFO - Loading faiss.
2025-05-03 19:01:30,760 - INFO - Successfully loaded faiss.
2025-05-03 19:02:43,121 - WARNING - From C:\Users\PC\AppData\Local\Programs\Python\Python39\lib\site-packages\tf_keras\src\losses.py:2976: The name tf.losses.sparse_softmax_cross_entropy is deprecated. Please use tf.compat.v1.losses.sparse_softmax_cross_entropy instead.

2025-05-03 19:04:02,937 - INFO - Found 35 URLs in Data\Links.txt
2025-05-03 19:04:02,955 - INFO - Scraping https://uol.edu.pk/international-rankings/
2025-05-03 19:04:02,964 - INFO - Scraping https://sdgs.uol.edu.pk/
2025-05-03 19:04:04,395 - INFO - Scraping https://virtual.uol.edu.pk/i-have-forgotten-password-my-official-uol-email-account
2025-05-03 19:04:04,461 - INFO - Scraping https://uol.edu.pk/services/hostels-accommodations/policies-procedures/
2025-05-03 19:04:04,462 - INFO - Scraping https://uol.edu.pk/
2025-05-03 19:04:04,462 - INFO - Scraping https://uol.edu.pk/services/hostels-accommodations/
2025-05-03 19:04:04,462 - INFO - Scraping https://uol.edu.pk/services/library/rules-regulations/
2025-05-03 19:04:06,097 - INFO - Scraping https://uol.edu.pk/programs-courses-az/bachelor/
2025-05-03 19:04:06,118 - INFO - Scraping https://virtual.uol.edu.pk/index.php/being-student-what-can-i-see-or-do-slate
2025-05-03 19:04:07,600 - INFO - Scraping https://uol.edu.pk/services/controller-of-examination/
2025-05-03 19:04:07,600 - INFO - Scraping https://uol.edu.pk/admissions/
2025-05-03 19:04:07,600 - INFO - Scraping https://uol.edu.pk/admissions/scholarships/
2025-05-03 19:04:07,652 - INFO - Scraping https://virtual.uol.edu.pk/how-login-sap-fiori-portal
2025-05-03 19:04:09,173 - INFO - Scraping https://uol.edu.pk/news/
2025-05-03 19:04:09,188 - INFO - Scraping https://uol.edu.pk/services/
2025-05-03 19:04:09,188 - INFO - Scraping https://uol.edu.pk/services/student-services/
2025-05-03 19:04:10,708 - INFO - Scraping https://uol.edu.pk/contact-us/
2025-05-03 19:04:10,720 - INFO - Scraping https://uol.edu.pk/admissions/scholarships/merit-scholarship/
2025-05-03 19:04:10,723 - INFO - Scraping https://virtual.uol.edu.pk/index.php/how-does-slate-works
2025-05-03 19:04:12,231 - INFO - Scraping https://uol.edu.pk/services/academic-council/
2025-05-03 19:04:12,247 - INFO - Scraping https://virtual.uol.edu.pk/sap-hub-portal-link
2025-05-03 19:04:12,247 - INFO - Scraping https://uol.edu.pk/discover-uol/
2025-05-03 19:04:13,751 - INFO - Scraping https://uol.edu.pk/services/registrar/
2025-05-03 19:04:13,751 - INFO - Scraping https://uol.edu.pk/services/library/
2025-05-03 19:04:13,751 - INFO - Scraping https://uol.edu.pk/services/hostels-accommodations/facilties/
2025-05-03 19:04:13,751 - INFO - Scraping https://uol.edu.pk/admissions/admitted-students/
2025-05-03 19:04:13,751 - INFO - Scraping https://uol.edu.pk/services/transport-services/
2025-05-03 19:04:15,362 - INFO - Scraping https://uol.edu.pk/admissions/scholarships/kinship-scholarship/
2025-05-03 19:04:16,901 - INFO - Scraping https://uol.edu.pk/services/club-societies/
2025-05-03 19:04:16,901 - INFO - Scraping https://uol.edu.pk/services/library/library-system/
2025-05-03 19:04:16,901 - INFO - Scraping https://uol.edu.pk/services/cscl/
2025-05-03 19:04:17,014 - INFO - Scraping https://virtual.uol.edu.pk/i-didnt-receive-verification-email-link-my-email-id-slateuoledupk
2025-05-03 19:04:18,403 - INFO - Scraping https://uol.edu.pk/admissions/scholarships/need-based-scholarship/
2025-05-03 19:04:21,155 - INFO - Successfully scraped 33 out of 33 URLs
2025-05-03 19:04:21,503 - INFO - Use pytorch device_name: cpu
2025-05-03 19:04:21,503 - INFO - Load pretrained SentenceTransformer: BAAI/bge-base-en-v1.5
